Running: C:\Xilinx\14.7\ISE_DS\ISE\bin\nt64\unwrapped\fuse.exe -intstyle ise -incremental -o C:/Users/hkien/Downloads/DT010243_NGUYENQUOCTUAN_BAI3,4,5/DT010243_NGUYENQUOCTUAN_BAI3,4,5/bai5/color_maker_top_tb_isim_beh.exe -prj C:/Users/hkien/Downloads/DT010243_NGUYENQUOCTUAN_BAI3,4,5/DT010243_NGUYENQUOCTUAN_BAI3,4,5/bai5/color_maker_top_tb_beh.prj work.color_maker_top_tb 
ISim P.20131013 (signature 0x7708f090)
Number of CPUs detected in this system: 8
Turning on mult-threading, number of parallel sub-compilation jobs: 16 
Determining compilation order of HDL files
Parsing VHDL file "C:/Users/hkien/Downloads/DT010243_NGUYENQUOCTUAN_BAI3,4,5/DT010243_NGUYENQUOCTUAN_BAI3,4,5/bai5/vgactrl.vhd" into library work
Parsing VHDL file "C:/Users/hkien/Downloads/DT010243_NGUYENQUOCTUAN_BAI3,4,5/DT010243_NGUYENQUOCTUAN_BAI3,4,5/bai5/color_maker.vhd" into library work
Parsing VHDL file "C:/Users/hkien/Downloads/DT010243_NGUYENQUOCTUAN_BAI3,4,5/DT010243_NGUYENQUOCTUAN_BAI3,4,5/bai5/clockdiv.vhd" into library work
Parsing VHDL file "C:/Users/hkien/Downloads/DT010243_NGUYENQUOCTUAN_BAI3,4,5/DT010243_NGUYENQUOCTUAN_BAI3,4,5/bai5/color_maker_top.vhd" into library work
Parsing VHDL file "C:/Users/hkien/Downloads/DT010243_NGUYENQUOCTUAN_BAI3,4,5/DT010243_NGUYENQUOCTUAN_BAI3,4,5/bai5/color_maker_top_tb.vhd" into library work
Starting static elaboration
Completed static elaboration
Compiling package standard
Compiling package textio
Compiling package std_logic_1164
Compiling package std_logic_textio
Compiling package std_logic_arith
Compiling package std_logic_unsigned
Compiling architecture rtl of entity clockdiv [\clockdiv(2)\]
Compiling architecture behavioral of entity vga_controller [\vga_controller(800,640,16,96,48...]
Compiling architecture rtl of entity color_maker [color_maker_default]
Compiling architecture top_level of entity color_maker_top [color_maker_top_default]
Compiling architecture tb_arch of entity color_maker_top_tb
Time Resolution for simulation is 1ps.
Waiting for 1 sub-compilation(s) to finish...
WARNING:Simulator - Unable to copy libPortabilityNOSH.dll to the simulation executable directory: boost::filesystem::copy_file: The system cannot find the path specified, "isim\color_maker_top_tb_isim_beh.exe.sim\libPortability.dll".
Compiled 15 VHDL Units
Built simulation executable C:/Users/hkien/Downloads/DT010243_NGUYENQUOCTUAN_BAI3,4,5/DT010243_NGUYENQUOCTUAN_BAI3,4,5/bai5/color_maker_top_tb_isim_beh.exe
Fuse Memory Usage: 34944 KB
Fuse CPU Usage: 577 ms
