Running: C:\Xilinx\14.7\ISE_DS\ISE\bin\nt64\unwrapped\fuse.exe -intstyle ise -incremental -o D:/FPGA/TTCS2/bai2_led7doan/testbend_isim_beh.exe -prj D:/FPGA/TTCS2/bai2_led7doan/testbend_beh.prj work.testbend 
ISim P.20131013 (signature 0x7708f090)
Number of CPUs detected in this system: 8
Turning on mult-threading, number of parallel sub-compilation jobs: 16 
Determining compilation order of HDL files
Parsing VHDL file "D:/FPGA/TTCS2/bai2_led7doan/led7doan.vhd" into library work
Parsing VHDL file "D:/FPGA/TTCS2/bai2_led7doan/testbend.vhd" into library work
Starting static elaboration
Completed static elaboration
Compiling package standard
Compiling package std_logic_1164
Compiling architecture behavioral of entity bcd_7segment [bcd_7segment_default]
Compiling architecture behavior of entity testbend
Time Resolution for simulation is 1ps.
Waiting for 1 sub-compilation(s) to finish...
WARNING:Simulator - Unable to copy libPortabilityNOSH.dll to the simulation executable directory: boost::filesystem::copy_file: The system cannot find the path specified, "isim\testbend_isim_beh.exe.sim\libPortability.dll".
Compiled 5 VHDL Units
Built simulation executable D:/FPGA/TTCS2/bai2_led7doan/testbend_isim_beh.exe
Fuse Memory Usage: 29744 KB
Fuse CPU Usage: 374 ms
