Running: C:\Xilinx\14.7\ISE_DS\ISE\bin\nt64\unwrapped\fuse.exe -intstyle ise -incremental -o D:/FPGA/TTCS2/bai1_thanhghidich/testbend_isim_beh.exe -prj D:/FPGA/TTCS2/bai1_thanhghidich/testbend_beh.prj work.testbend 
ISim P.20131013 (signature 0x7708f090)
Number of CPUs detected in this system: 8
Turning on mult-threading, number of parallel sub-compilation jobs: 16 
Determining compilation order of HDL files
Parsing VHDL file "D:/FPGA/TTCS2/bai1_thanhghidich/D_FF.vhd" into library work
Parsing VHDL file "D:/FPGA/TTCS2/bai1_thanhghidich/bai1_thanhghidich.vhd" into library work
Parsing VHDL file "D:/FPGA/TTCS2/bai1_thanhghidich/testbend.vhd" into library work
Starting static elaboration
Completed static elaboration
Compiling package standard
Compiling package std_logic_1164
Compiling architecture behavioral of entity D_FF [d_ff_default]
Compiling architecture behavioral of entity bai1_thanhghidich [bai1_thanhghidich_default]
Compiling architecture behavior of entity testbend
Time Resolution for simulation is 1ps.
WARNING:Simulator - Unable to copy libPortabilityNOSH.dll to the simulation executable directory: boost::filesystem::copy_file: The system cannot find the path specified, "isim\testbend_isim_beh.exe.sim\libPortability.dll".
Compiled 7 VHDL Units
Built simulation executable D:/FPGA/TTCS2/bai1_thanhghidich/testbend_isim_beh.exe
Fuse Memory Usage: 29880 KB
Fuse CPU Usage: 530 ms
